C:\USERS\ANDREAS\DOCUMENTS\VISUAL STUDIO 2010\PROJECTS\TEECHENTIMER\TEECHENTIMER.EXE
C:\Users\andreas\Documents\Visual Studio 2010\Projects\TeechenTimer\TeechenTimer.exp
C:\USERS\ANDREAS\DOCUMENTS\VISUAL STUDIO 2010\PROJECTS\TEECHENTIMER\TEECHENTIMER.ILK
C:\Users\andreas\Documents\Visual Studio 2010\Projects\TeechenTimer\TeechenTimer.lib
C:\USERS\ANDREAS\DOCUMENTS\VISUAL STUDIO 2010\PROJECTS\TEECHENTIMER\TEECHENTIMER.PDB
C:\USERS\ANDREAS\DOCUMENTS\VISUAL STUDIO 2010\PROJECTS\TEECHENTIMER\TEECHENTIMER\GENERATEDFILES\DEBUG\MOC_TEECHENTIMER.CPP
C:\USERS\ANDREAS\DOCUMENTS\VISUAL STUDIO 2010\PROJECTS\TEECHENTIMER\TEECHENTIMER\GENERATEDFILES\QRC_TEECHENTIMER.CPP
C:\USERS\ANDREAS\DOCUMENTS\VISUAL STUDIO 2010\PROJECTS\TEECHENTIMER\TEECHENTIMER\GENERATEDFILES\UI_TEECHENTIMER.H
C:\Users\andreas\Documents\Visual Studio 2010\Projects\TeechenTimer\TeechenTimer\x64\Debug\cl.command.1.tlog
C:\Users\andreas\Documents\Visual Studio 2010\Projects\TeechenTimer\TeechenTimer\x64\Debug\CL.read.1.tlog
C:\Users\andreas\Documents\Visual Studio 2010\Projects\TeechenTimer\TeechenTimer\x64\Debug\CL.write.1.tlog
C:\Users\andreas\Documents\Visual Studio 2010\Projects\TeechenTimer\TeechenTimer\x64\Debug\custombuild.command.1.tlog
C:\Users\andreas\Documents\Visual Studio 2010\Projects\TeechenTimer\TeechenTimer\x64\Debug\custombuild.read.1.tlog
C:\Users\andreas\Documents\Visual Studio 2010\Projects\TeechenTimer\TeechenTimer\x64\Debug\custombuild.write.1.tlog
C:\Users\andreas\Documents\Visual Studio 2010\Projects\TeechenTimer\TeechenTimer\x64\Debug\link.command.1.tlog
C:\Users\andreas\Documents\Visual Studio 2010\Projects\TeechenTimer\TeechenTimer\x64\Debug\link.read.1.tlog
C:\Users\andreas\Documents\Visual Studio 2010\Projects\TeechenTimer\TeechenTimer\x64\Debug\link.write.1.tlog
C:\USERS\ANDREAS\DOCUMENTS\VISUAL STUDIO 2010\PROJECTS\TEECHENTIMER\TEECHENTIMER\X64\DEBUG\MAIN.OBJ
C:\USERS\ANDREAS\DOCUMENTS\VISUAL STUDIO 2010\PROJECTS\TEECHENTIMER\TEECHENTIMER\X64\DEBUG\MOC_TEECHENTIMER.OBJ
C:\Users\andreas\Documents\Visual Studio 2010\Projects\TeechenTimer\TeechenTimer\x64\Debug\mt.command.1.tlog
C:\Users\andreas\Documents\Visual Studio 2010\Projects\TeechenTimer\TeechenTimer\x64\Debug\mt.read.1.tlog
C:\Users\andreas\Documents\Visual Studio 2010\Projects\TeechenTimer\TeechenTimer\x64\Debug\mt.write.1.tlog
C:\USERS\ANDREAS\DOCUMENTS\VISUAL STUDIO 2010\PROJECTS\TEECHENTIMER\TEECHENTIMER\X64\DEBUG\QRC_TEECHENTIMER.OBJ
C:\USERS\ANDREAS\DOCUMENTS\VISUAL STUDIO 2010\PROJECTS\TEECHENTIMER\TEECHENTIMER\X64\DEBUG\STDAFX.OBJ
C:\USERS\ANDREAS\DOCUMENTS\VISUAL STUDIO 2010\PROJECTS\TEECHENTIMER\TEECHENTIMER\X64\DEBUG\TEECHENTIMER.EXE.INTERMEDIATE.MANIFEST
C:\USERS\ANDREAS\DOCUMENTS\VISUAL STUDIO 2010\PROJECTS\TEECHENTIMER\TEECHENTIMER\X64\DEBUG\TEECHENTIMER.OBJ
C:\USERS\ANDREAS\DOCUMENTS\VISUAL STUDIO 2010\PROJECTS\TEECHENTIMER\TEECHENTIMER\X64\DEBUG\TEECHENTIMER.PCH
C:\Users\andreas\Documents\Visual Studio 2010\Projects\TeechenTimer\TeechenTimer\x64\Debug\TeechenTimer.write.1.tlog
C:\USERS\ANDREAS\DOCUMENTS\VISUAL STUDIO 2010\PROJECTS\TEECHENTIMER\TEECHENTIMER\X64\DEBUG\VC100.PDB
